<?xml version="1.0" encoding="UTF-8"?>
<!-- Generated by org.testng.reporters.JUnitXMLReporter -->
<testsuite ignored="0" hostname="Lenovo" failures="0" tests="3" name="Default test" time="10.773" errors="0" timestamp="2024-09-02T08:47:19 IST">
  <testcase classname="com.Annotation.Dataproviederr" name="logiin" time="0.327"/>
  <testcase classname="com.Annotation.Dataproviederr" name="logiin" time="0.366"/>
  <testcase classname="com.Annotation.Dataproviederr" name="logiin" time="0.413"/>
</testsuite> <!-- Default test -->
