<?xml version="1.0" encoding="UTF-8"?>
<testng-results ignored="0" total="3" passed="3" failed="0" skipped="0">
  <reporter-output>
  </reporter-output>
  <suite started-at="2024-09-02T08:47:08 IST" name="Default suite" finished-at="2024-09-02T08:47:19 IST" duration-ms="10773">
    <groups>
    </groups>
    <test started-at="2024-09-02T08:47:08 IST" name="Default test" finished-at="2024-09-02T08:47:19 IST" duration-ms="10773">
      <class name="com.Annotation.Dataproviederr">
        <test-method is-config="true" signature="browserlaunch()[pri:0, instance:com.Annotation.Dataproviederr@3f191845]" started-at="2024-09-02T08:47:08 IST" name="browserlaunch" finished-at="2024-09-02T08:47:11 IST" duration-ms="3455" status="PASS">
          <reporter-output>
          </reporter-output>
        </test-method> <!-- browserlaunch -->
        <test-method signature="logiin(java.lang.String,java.lang.String)[pri:0, instance:com.Annotation.Dataproviederr@3f191845]" started-at="2024-09-02T08:47:11 IST" name="logiin" data-provider="userdetails" finished-at="2024-09-02T08:47:12 IST" duration-ms="327" status="PASS">
          <params>
            <param index="0">
              <value>
                <![CDATA[vijay]]>
              </value>
            </param>
            <param index="1">
              <value>
                <![CDATA[vijay@134]]>
              </value>
            </param>
          </params>
          <reporter-output>
          </reporter-output>
        </test-method> <!-- logiin -->
        <test-method is-config="true" signature="browserlaunch()[pri:0, instance:com.Annotation.Dataproviederr@3f191845]" started-at="2024-09-02T08:47:12 IST" name="browserlaunch" finished-at="2024-09-02T08:47:15 IST" duration-ms="3012" status="PASS">
          <reporter-output>
          </reporter-output>
        </test-method> <!-- browserlaunch -->
        <test-method signature="logiin(java.lang.String,java.lang.String)[pri:0, instance:com.Annotation.Dataproviederr@3f191845]" started-at="2024-09-02T08:47:15 IST" name="logiin" data-provider="userdetails" finished-at="2024-09-02T08:47:15 IST" duration-ms="366" status="PASS">
          <params>
            <param index="0">
              <value>
                <![CDATA[vinod]]>
              </value>
            </param>
            <param index="1">
              <value>
                <![CDATA[vinod@45]]>
              </value>
            </param>
          </params>
          <reporter-output>
          </reporter-output>
        </test-method> <!-- logiin -->
        <test-method is-config="true" signature="browserlaunch()[pri:0, instance:com.Annotation.Dataproviederr@3f191845]" started-at="2024-09-02T08:47:15 IST" name="browserlaunch" finished-at="2024-09-02T08:47:18 IST" duration-ms="3110" status="PASS">
          <reporter-output>
          </reporter-output>
        </test-method> <!-- browserlaunch -->
        <test-method signature="logiin(java.lang.String,java.lang.String)[pri:0, instance:com.Annotation.Dataproviederr@3f191845]" started-at="2024-09-02T08:47:18 IST" name="logiin" data-provider="userdetails" finished-at="2024-09-02T08:47:19 IST" duration-ms="413" status="PASS">
          <params>
            <param index="0">
              <value>
                <![CDATA[prabhu]]>
              </value>
            </param>
            <param index="1">
              <value>
                <![CDATA[pras]]>
              </value>
            </param>
          </params>
          <reporter-output>
          </reporter-output>
        </test-method> <!-- logiin -->
      </class> <!-- com.Annotation.Dataproviederr -->
    </test> <!-- Default test -->
  </suite> <!-- Default suite -->
</testng-results>
